Using pre-set license
Built from '2022.3/release' branch; Version is '2022.3.12f1 (4fe6e059c7ef) revision 5236448'; Using compiler version '192829333'; Build Type 'Release'
OS: 'Windows 10  (10.0.19044) 64bit EnterpriseS' Language: 'en' Physical Memory: 7918 MB
BatchMode: 1, IsHumanControllingUs: 0, StartBugReporterOnCrash: 0, Is64bit: 1, IsPro: 1

COMMAND LINE ARGUMENTS:
D:\unity\2022.3.12f1\Editor\Unity.exe
-adb2
-batchMode
-noUpm
-name
AssetImportWorker0
-projectPath
D:/unity projects/Unity
-logFile
Logs/AssetImportWorker0.log
-srvPort
12302
Successfully changed project path to: D:/unity projects/Unity
D:/unity projects/Unity
[UnityMemory] Configuration Parameters - Can be set up in boot.config
    "memorysetup-bucket-allocator-granularity=16"
    "memorysetup-bucket-allocator-bucket-count=8"
    "memorysetup-bucket-allocator-block-size=33554432"
    "memorysetup-bucket-allocator-block-count=8"
    "memorysetup-main-allocator-block-size=16777216"
    "memorysetup-thread-allocator-block-size=16777216"
    "memorysetup-gfx-main-allocator-block-size=16777216"
    "memorysetup-gfx-thread-allocator-block-size=16777216"
    "memorysetup-cache-allocator-block-size=4194304"
    "memorysetup-typetree-allocator-block-size=2097152"
    "memorysetup-profiler-bucket-allocator-granularity=16"
    "memorysetup-profiler-bucket-allocator-bucket-count=8"
    "memorysetup-profiler-bucket-allocator-block-size=33554432"
    "memorysetup-profiler-bucket-allocator-block-count=8"
    "memorysetup-profiler-allocator-block-size=16777216"
    "memorysetup-profiler-editor-allocator-block-size=1048576"
    "memorysetup-temp-allocator-size-main=16777216"
    "memorysetup-job-temp-allocator-block-size=2097152"
    "memorysetup-job-temp-allocator-block-size-background=1048576"
    "memorysetup-job-temp-allocator-reduction-small-platforms=262144"
    "memorysetup-allocator-temp-initial-block-size-main=262144"
    "memorysetup-allocator-temp-initial-block-size-worker=262144"
    "memorysetup-temp-allocator-size-background-worker=32768"
    "memorysetup-temp-allocator-size-job-worker=262144"
    "memorysetup-temp-allocator-size-preload-manager=33554432"
    "memorysetup-temp-allocator-size-nav-mesh-worker=65536"
    "memorysetup-temp-allocator-size-audio-worker=65536"
    "memorysetup-temp-allocator-size-cloud-worker=32768"
    "memorysetup-temp-allocator-size-gi-baking-worker=262144"
    "memorysetup-temp-allocator-size-gfx=262144"
Player connection [15204] Host "[IP] 10.1.1.76 [Port] 0 [Flags] 2 [Guid] 665672671 [EditorId] 665672671 [Version] 1048832 [Id] WindowsEditor(7,DESKTOP-UGQL7AB) [Debug] 1 [PackageName] WindowsEditor [ProjectName] Editor" joined multi-casting on [225.0.0.222:54997]...

Player connection [15204] Host "[IP] 10.1.1.76 [Port] 0 [Flags] 2 [Guid] 665672671 [EditorId] 665672671 [Version] 1048832 [Id] WindowsEditor(7,DESKTOP-UGQL7AB) [Debug] 1 [PackageName] WindowsEditor [ProjectName] Editor" joined alternative multi-casting on [225.0.0.222:34997]...

[Physics::Module] Initialized MultithreadedJobDispatcher with 3 workers.
Refreshing native plugins compatible for Editor in 26.76 ms, found 11 plugins.
Preloading 0 native plugins for Editor in 0.00 ms.
Initialize engine version: 2022.3.12f1 (4fe6e059c7ef)
[Subsystems] Discovering subsystems at path D:/unity/2022.3.12f1/Editor/Data/Resources/UnitySubsystems
[Subsystems] Discovering subsystems at path D:/unity projects/Unity/Assets
GfxDevice: creating device client; threaded=0; jobified=0
Direct3D:
    Version:  Direct3D 11.0 [level 11.1]
    Renderer: Intel(R) UHD Graphics (ID=0x9a78)
    Vendor:   Intel
    VRAM:     3959 MB
    Driver:   31.0.101.4502
Initialize mono
Mono path[0] = 'D:/unity/2022.3.12f1/Editor/Data/Managed'
Mono path[1] = 'D:/unity/2022.3.12f1/Editor/Data/MonoBleedingEdge/lib/mono/unityjit-win32'
Mono config path = 'D:/unity/2022.3.12f1/Editor/Data/MonoBleedingEdge/etc'
Using monoOptions --debugger-agent=transport=dt_socket,embedding=1,server=y,suspend=n,address=127.0.0.1:56144
Begin MonoManager ReloadAssembly
Registering precompiled unity dll's ...
Register platform support module: D:/unity/2022.3.12f1/Editor/Data/PlaybackEngines/AndroidPlayer/UnityEditor.Android.Extensions.dll
Register platform support module: D:/unity/2022.3.12f1/Editor/Data/PlaybackEngines/iOSSupport/UnityEditor.iOS.Extensions.dll
Register platform support module: D:/unity/2022.3.12f1/Editor/Data/PlaybackEngines/WindowsStandaloneSupport/UnityEditor.WindowsStandalone.Extensions.dll
Registered in 0.009422 seconds.
- Loaded All Assemblies, in  0.902 seconds
Native extension for WindowsStandalone target not found
[usbmuxd] Start listen thread
Native extension for iOS target not found
[usbmuxd] Listen thread started
Native extension for Android target not found
Android Extension - Scanning For ADB Devices 367 ms
Mono: successfully reloaded assembly
- Finished resetting the current domain, in  1.451 seconds
Domain Reload Profiling: 2353ms
	BeginReloadAssembly (316ms)
		ExecutionOrderSort (0ms)
		DisableScriptedObjects (0ms)
		BackupInstance (0ms)
		ReleaseScriptingObjects (0ms)
		CreateAndSetChildDomain (2ms)
	RebuildCommonClasses (92ms)
	RebuildNativeTypeToScriptingClass (29ms)
	initialDomainReloadingComplete (118ms)
	LoadAllAssembliesAndSetupDomain (346ms)
		LoadAssemblies (313ms)
		RebuildTransferFunctionScriptingTraits (0ms)
		AnalyzeDomain (341ms)
			TypeCache.Refresh (338ms)
				TypeCache.ScanAssembly (308ms)
			ScanForSourceGeneratedMonoScriptInfo (1ms)
			ResolveRequiredComponents (1ms)
	FinalizeReload (1452ms)
		ReleaseScriptCaches (0ms)
		RebuildScriptCaches (0ms)
		SetupLoadedEditorAssemblies (1240ms)
			LogAssemblyErrors (0ms)
			InitializePlatformSupportModulesInManaged (899ms)
			SetLoadedEditorAssemblies (9ms)
			RefreshPlugins (0ms)
			BeforeProcessingInitializeOnLoad (6ms)
			ProcessInitializeOnLoadAttributes (218ms)
			ProcessInitializeOnLoadMethodAttributes (108ms)
			AfterProcessingInitializeOnLoad (0ms)
			EditorAssembliesLoaded (0ms)
		ExecutionOrderSort2 (0ms)
		AwakeInstancesAfterBackupRestoration (0ms)
========================================================================
Worker process is ready to serve import requests
Begin MonoManager ReloadAssembly
- Loaded All Assemblies, in  1.490 seconds
Refreshing native plugins compatible for Editor in 28.48 ms, found 11 plugins.
Native extension for WindowsStandalone target not found
Native extension for iOS target not found
Native extension for Android target not found
Package Manager log level set to [2]
[Package Manager] Server::EnsureServerProcessIsRunning -- launch failed, reason: Unity was launched with the -noUpm command-line argument
[Package Manager] UpmClient::Send -- Unable to send message (not connected to UPM process).
[Package Manager] Cannot connect to Unity Package Manager local server
[Package Manager] Server::EnsureServerProcessIsRunning -- launch failed, reason: Unity was launched with the -noUpm command-line argument
[Package Manager] UpmClient::Send -- Unable to send message (not connected to UPM process).
[Package Manager] Cannot connect to Unity Package Manager local server
Mono: successfully reloaded assembly
[Package Manager] Server::EnsureServerProcessIsRunning -- launch failed, reason: Unity was launched with the -noUpm command-line argument
[Package Manager] UpmClient::Send -- Unable to send message (not connected to UPM process).
[Package Manager] Cannot connect to Unity Package Manager local server
[Package Manager] Server::EnsureServerProcessIsRunning -- launch failed, reason: Unity was launched with the -noUpm command-line argument
[Package Manager] UpmClient::Send -- Unable to send message (not connected to UPM process).
[Package Manager] Cannot connect to Unity Package Manager local server
- Finished resetting the current domain, in  7.088 seconds
Domain Reload Profiling: 8578ms
	BeginReloadAssembly (333ms)
		ExecutionOrderSort (0ms)
		DisableScriptedObjects (15ms)
		BackupInstance (0ms)
		ReleaseScriptingObjects (0ms)
		CreateAndSetChildDomain (55ms)
	RebuildCommonClasses (84ms)
	RebuildNativeTypeToScriptingClass (27ms)
	initialDomainReloadingComplete (99ms)
	LoadAllAssembliesAndSetupDomain (946ms)
		LoadAssemblies (588ms)
		RebuildTransferFunctionScriptingTraits (0ms)
		AnalyzeDomain (536ms)
			TypeCache.Refresh (482ms)
				TypeCache.ScanAssembly (440ms)
			ScanForSourceGeneratedMonoScriptInfo (41ms)
			ResolveRequiredComponents (9ms)
	FinalizeReload (7089ms)
		ReleaseScriptCaches (0ms)
		RebuildScriptCaches (0ms)
		SetupLoadedEditorAssemblies (6335ms)
			LogAssemblyErrors (0ms)
			InitializePlatformSupportModulesInManaged (132ms)
			SetLoadedEditorAssemblies (228ms)
			RefreshPlugins (0ms)
			BeforeProcessingInitializeOnLoad (3784ms)
			ProcessInitializeOnLoadAttributes (2128ms)
			ProcessInitializeOnLoadMethodAttributes (56ms)
			AfterProcessingInitializeOnLoad (6ms)
			EditorAssembliesLoaded (0ms)
		ExecutionOrderSort2 (0ms)
		AwakeInstancesAfterBackupRestoration (15ms)
Launched and connected shader compiler UnityShaderCompiler.exe after 0.07 seconds
Refreshing native plugins compatible for Editor in 17.24 ms, found 11 plugins.
Preloading 0 native plugins for Editor in 0.00 ms.
Unloading 4672 Unused Serialized files (Serialized files now loaded: 0)
Unloading 74 unused Assets / (1.2 MB). Loaded Objects now: 5115.
Memory consumption went from 168.0 MB to 166.8 MB.
Total: 8.733700 ms (FindLiveObjects: 0.646900 ms CreateObjectMapping: 0.359800 ms MarkObjects: 6.607000 ms  DeleteObjects: 1.117500 ms)

AssetImportParameters requested are different than current active one (requested -> active):
  custom:video-decoder-webm-vp8: 9c59270c3fd7afecdb556c50c9e8de78 -> 
  custom:container-demuxer-ogg: 62fdf1f143b41e24485cea50d1cbac27 -> 
  custom:AudioImporter_EditorPlatform: d09bf68614088b80899f8185d706f6e7 -> 
  custom:video-decoder-ogg-theora: a1e56fd34408186e4bbccfd4996cb3dc -> 
  custom:framework-win-MediaFoundation: 216162199b28c13a410421893ffa2e32 -> 
  custom:video-encoder-webm-vp8: eb34c28f22e8b96e1ab97ce403110664 -> 
  custom:audio-decoder-ogg-vorbis: bf7c407c2cedff20999df2af8eb42d56 -> 
  custom:container-demuxer-webm: 4f35f7cbe854078d1ac9338744f61a02 -> 
  custom:audio-encoder-webm-vorbis: bf7c407c2cedff20999df2af8eb42d56 -> 
  custom:container-muxer-webm: aa71ff27fc2769a1b78a27578f13a17b -> 
========================================================================
Received Import Request.
  Time since last request: 233092.547530 seconds.
  path: Assets/Scenes
  artifactKey: Guid(401527b53ebfdf14ab24a0de2b2ef85c) Importer(815301076,1909f56bfc062723c751e8b465ee728b)
Start importing Assets/Scenes using Guid(401527b53ebfdf14ab24a0de2b2ef85c) Importer(815301076,1909f56bfc062723c751e8b465ee728b)  -> (artifact id: '604bacdab205fce2e561a604c8e0ee69') in 0.006168 seconds
Number of updated asset objects reloaded before import = 0
Number of asset objects unloaded after import = 0
========================================================================
Received Prepare
Refreshing native plugins compatible for Editor in 19.03 ms, found 11 plugins.
Preloading 0 native plugins for Editor in 0.00 ms.
Unloading 8 Unused Serialized files (Serialized files now loaded: 0)
Unloading 9 unused Assets / (1.1 MB). Loaded Objects now: 5115.
Memory consumption went from 90.8 MB to 89.7 MB.
Total: 9.403600 ms (FindLiveObjects: 0.603400 ms CreateObjectMapping: 0.620600 ms MarkObjects: 6.744000 ms  DeleteObjects: 1.433100 ms)

Prepare: number of updated asset objects reloaded= 0
AssetImportParameters requested are different than current active one (requested -> active):
  custom:video-decoder-webm-vp8: 9c59270c3fd7afecdb556c50c9e8de78 -> 
  custom:SearchIndexIgnoredProperties: e643bd26f0fe6173181afceb89e7c659 -> 
  custom:container-demuxer-ogg: 62fdf1f143b41e24485cea50d1cbac27 -> 
  custom:AudioImporter_EditorPlatform: d09bf68614088b80899f8185d706f6e7 -> 
  custom:video-decoder-ogg-theora: a1e56fd34408186e4bbccfd4996cb3dc -> 
  custom:framework-win-MediaFoundation: 216162199b28c13a410421893ffa2e32 -> 
  custom:video-encoder-webm-vp8: eb34c28f22e8b96e1ab97ce403110664 -> 
  custom:audio-decoder-ogg-vorbis: bf7c407c2cedff20999df2af8eb42d56 -> 
  custom:CustomObjectIndexerAttribute: 756ad292c208cfabdd7b50bc23989ffe -> 
  custom:container-demuxer-webm: 4f35f7cbe854078d1ac9338744f61a02 -> 
  custom:audio-encoder-webm-vorbis: bf7c407c2cedff20999df2af8eb42d56 -> 
  custom:container-muxer-webm: aa71ff27fc2769a1b78a27578f13a17b -> 
========================================================================
Received Import Request.
  Time since last request: 164.472020 seconds.
  path: Assets/Scenes/New Scene.unity
  artifactKey: Guid(87b469bc486eb4845acec2d092acfd46) Importer(815301076,1909f56bfc062723c751e8b465ee728b)
Start importing Assets/Scenes/New Scene.unity using Guid(87b469bc486eb4845acec2d092acfd46) Importer(815301076,1909f56bfc062723c751e8b465ee728b)  -> (artifact id: '780df6b5853bcc01a2b327ec1d3aded6') in 0.001669 seconds
Number of updated asset objects reloaded before import = 0
Number of asset objects unloaded after import = 0
========================================================================
Received Import Request.
  Time since last request: 19.799519 seconds.
  path: Assets/Scenes/3rd.unity
  artifactKey: Guid(87b469bc486eb4845acec2d092acfd46) Importer(815301076,1909f56bfc062723c751e8b465ee728b)
Start importing Assets/Scenes/3rd.unity using Guid(87b469bc486eb4845acec2d092acfd46) Importer(815301076,1909f56bfc062723c751e8b465ee728b)  -> (artifact id: 'fdc9fe0f74391ad4cc3826f44570b79a') in 0.000992 seconds
Number of updated asset objects reloaded before import = 0
Number of asset objects unloaded after import = 0
========================================================================
Received Import Request.
  Time since last request: 123.828164 seconds.
  path: Assets/Login.cs
  artifactKey: Guid(22840b3913ce95d48ba62167ba4d0c6e) Importer(815301076,1909f56bfc062723c751e8b465ee728b)
Start importing Assets/Login.cs using Guid(22840b3913ce95d48ba62167ba4d0c6e) Importer(815301076,1909f56bfc062723c751e8b465ee728b)  -> (artifact id: '7012834dc4a8ee32c5c65f18946eaf08') in 0.001031 seconds
Number of updated asset objects reloaded before import = 0
Number of asset objects unloaded after import = 0
========================================================================
Received Import Request.
  Time since last request: 8.253828 seconds.
  path: Assets/Register.cs
  artifactKey: Guid(bc4d832d2d1b3364a915f1f4f2fbc38a) Importer(815301076,1909f56bfc062723c751e8b465ee728b)
Start importing Assets/Register.cs using Guid(bc4d832d2d1b3364a915f1f4f2fbc38a) Importer(815301076,1909f56bfc062723c751e8b465ee728b)  -> (artifact id: '4e5278e2f8b3f2f8f805f09f05d3f1df') in 0.000794 seconds
Number of updated asset objects reloaded before import = 0
Number of asset objects unloaded after import = 0
========================================================================
Received Import Request.
  Time since last request: 8.434752 seconds.
  path: Assets/credentials.txt
  artifactKey: Guid(939c975ae7844dc46acfbd17187b905c) Importer(815301076,1909f56bfc062723c751e8b465ee728b)
Start importing Assets/credentials.txt using Guid(939c975ae7844dc46acfbd17187b905c) Importer(815301076,1909f56bfc062723c751e8b465ee728b)  -> (artifact id: 'fc82e6f31598726ac929edbe75fa91c0') in 0.019870 seconds
Number of updated asset objects reloaded before import = 0
Number of asset objects unloaded after import = 1
========================================================================
Received Import Request.
  Time since last request: 484779.505130 seconds.
  path: Assets/file.jpg
  artifactKey: Guid(92c3f5dbca95795429b8474c510c1981) Importer(815301076,1909f56bfc062723c751e8b465ee728b)
Start importing Assets/file.jpg using Guid(92c3f5dbca95795429b8474c510c1981) Importer(815301076,1909f56bfc062723c751e8b465ee728b)  -> (artifact id: '21600d8b4c6983e6252c6213f2f47d40') in 1.284025 seconds
Number of updated asset objects reloaded before import = 0
Number of asset objects unloaded after import = 2
========================================================================
Received Import Request.
  Time since last request: 272.027422 seconds.
  path: Assets/Scenes/file.jpg
  artifactKey: Guid(dbc5b09c14b19144abb6a98490aec2fc) Importer(815301076,1909f56bfc062723c751e8b465ee728b)
Start importing Assets/Scenes/file.jpg using Guid(dbc5b09c14b19144abb6a98490aec2fc) Importer(815301076,1909f56bfc062723c751e8b465ee728b)  -> (artifact id: '40f888339bc63623a2ec9574fd959ddc') in 0.261765 seconds
Number of updated asset objects reloaded before import = 0
Number of asset objects unloaded after import = 2
========================================================================
Received Import Request.
  Time since last request: 289.599060 seconds.
  path: Assets/file.jpg
  artifactKey: Guid(92c3f5dbca95795429b8474c510c1981) Importer(815301076,1909f56bfc062723c751e8b465ee728b)
Start importing Assets/file.jpg using Guid(92c3f5dbca95795429b8474c510c1981) Importer(815301076,1909f56bfc062723c751e8b465ee728b)  -> (artifact id: 'b2da0a07cdf1a1ad964b51bcc53c27c3') in 0.145202 seconds
Number of updated asset objects reloaded before import = 0
Number of asset objects unloaded after import = 3
========================================================================
Received Import Request.
  Time since last request: 126.793810 seconds.
  path: Assets/phone-wallpaper-9-610x1084.jpg
  artifactKey: Guid(7a2863606ca84e94081e057f8157181e) Importer(815301076,1909f56bfc062723c751e8b465ee728b)
Start importing Assets/phone-wallpaper-9-610x1084.jpg using Guid(7a2863606ca84e94081e057f8157181e) Importer(815301076,1909f56bfc062723c751e8b465ee728b)  -> (artifact id: '022549c59832b8b2149e4c30ce4a376f') in 0.045448 seconds
Number of updated asset objects reloaded before import = 0
Number of asset objects unloaded after import = 2
========================================================================
Received Import Request.
  Time since last request: 11.565423 seconds.
  path: Assets/phone-wallpaper-9-610x1084.jpg
  artifactKey: Guid(7a2863606ca84e94081e057f8157181e) Importer(815301076,1909f56bfc062723c751e8b465ee728b)
Start importing Assets/phone-wallpaper-9-610x1084.jpg using Guid(7a2863606ca84e94081e057f8157181e) Importer(815301076,1909f56bfc062723c751e8b465ee728b)  -> (artifact id: 'a02de9f30bedee51a893b8e9c42fa687') in 0.029526 seconds
Number of updated asset objects reloaded before import = 0
Number of asset objects unloaded after import = 3
========================================================================
Received Import Request.
  Time since last request: 247.650295 seconds.
  path: Assets/wp5808193.jpg
  artifactKey: Guid(fe3df8b4262992b4e91c0bcf6f88d9ac) Importer(815301076,1909f56bfc062723c751e8b465ee728b)
Start importing Assets/wp5808193.jpg using Guid(fe3df8b4262992b4e91c0bcf6f88d9ac) Importer(815301076,1909f56bfc062723c751e8b465ee728b)  -> (artifact id: '80e0bd45ddffea5c350c0f0161a42c1c') in 0.124232 seconds
Number of updated asset objects reloaded before import = 0
Number of asset objects unloaded after import = 2
========================================================================
Received Import Request.
  Time since last request: 22.464712 seconds.
  path: Assets/wp5808193.jpg
  artifactKey: Guid(fe3df8b4262992b4e91c0bcf6f88d9ac) Importer(815301076,1909f56bfc062723c751e8b465ee728b)
Start importing Assets/wp5808193.jpg using Guid(fe3df8b4262992b4e91c0bcf6f88d9ac) Importer(815301076,1909f56bfc062723c751e8b465ee728b)  -> (artifact id: 'e8cabfe9a8e24772095773ffd76bfe6a') in 0.080211 seconds
Number of updated asset objects reloaded before import = 0
Number of asset objects unloaded after import = 3
========================================================================
Received Import Request.
  Time since last request: 692.612787 seconds.
  path: Assets/Scenes/WelcomeScreen.unity
  artifactKey: Guid(8e84feece6394294e9a0aead09243a3e) Importer(815301076,1909f56bfc062723c751e8b465ee728b)
Start importing Assets/Scenes/WelcomeScreen.unity using Guid(8e84feece6394294e9a0aead09243a3e) Importer(815301076,1909f56bfc062723c751e8b465ee728b)  -> (artifact id: '44f4ea24bfb85662cb8055166317c6b3') in 0.002430 seconds
Number of updated asset objects reloaded before import = 0
Number of asset objects unloaded after import = 0
========================================================================
Received Import Request.
  Time since last request: 26.618169 seconds.
  path: Assets/Scenes/UCL AR map screen.unity
  artifactKey: Guid(8e84feece6394294e9a0aead09243a3e) Importer(815301076,1909f56bfc062723c751e8b465ee728b)
Start importing Assets/Scenes/UCL AR map screen.unity using Guid(8e84feece6394294e9a0aead09243a3e) Importer(815301076,1909f56bfc062723c751e8b465ee728b)  -> (artifact id: '7064943137a049354de93a826c4f3fcd') in 0.000961 seconds
Number of updated asset objects reloaded before import = 0
Number of asset objects unloaded after import = 0
========================================================================
Received Import Request.
  Time since last request: 131611.716233 seconds.
  path: Assets/Scenes/wp7796509.webp
  artifactKey: Guid(caa12d6e0783a174f93fabb79289bba4) Importer(815301076,1909f56bfc062723c751e8b465ee728b)
Start importing Assets/Scenes/wp7796509.webp using Guid(caa12d6e0783a174f93fabb79289bba4) Importer(815301076,1909f56bfc062723c751e8b465ee728b)  -> (artifact id: '44095af5cb1431010e0a2309b2c0047d') in 0.010657 seconds
Number of updated asset objects reloaded before import = 0
Number of asset objects unloaded after import = 1
========================================================================
Received Import Request.
  Time since last request: 69.594985 seconds.
  path: Assets/Scenes/android-1080x1920-wallpaper_00238.jpg
  artifactKey: Guid(8364d94a4447fc449ab0f9f7293d93e1) Importer(815301076,1909f56bfc062723c751e8b465ee728b)
Start importing Assets/Scenes/android-1080x1920-wallpaper_00238.jpg using Guid(8364d94a4447fc449ab0f9f7293d93e1) Importer(815301076,1909f56bfc062723c751e8b465ee728b)  -> (artifact id: 'a4fee15308e4ccbee9fecb4887d62d95') in 0.355953 seconds
Number of updated asset objects reloaded before import = 0
Number of asset objects unloaded after import = 2
========================================================================
Received Import Request.
  Time since last request: 9.833930 seconds.
  path: Assets/Scenes/android-1080x1920-wallpaper_00238.jpg
  artifactKey: Guid(8364d94a4447fc449ab0f9f7293d93e1) Importer(815301076,1909f56bfc062723c751e8b465ee728b)
Start importing Assets/Scenes/android-1080x1920-wallpaper_00238.jpg using Guid(8364d94a4447fc449ab0f9f7293d93e1) Importer(815301076,1909f56bfc062723c751e8b465ee728b)  -> (artifact id: 'b2a895551bf167cb7b4b1e67b4799aa7') in 0.342420 seconds
Number of updated asset objects reloaded before import = 0
Number of asset objects unloaded after import = 3
========================================================================
Received Import Request.
  Time since last request: 439.387150 seconds.
  path: Assets/android-1080x1920-wallpaper_00238.jpg
  artifactKey: Guid(547da4cb169559e43b9e6cfe8f4390e1) Importer(815301076,1909f56bfc062723c751e8b465ee728b)
Start importing Assets/android-1080x1920-wallpaper_00238.jpg using Guid(547da4cb169559e43b9e6cfe8f4390e1) Importer(815301076,1909f56bfc062723c751e8b465ee728b)  -> (artifact id: '23ab4f04f78e1e39df53b842053bd2a1') in 0.143129 seconds
Number of updated asset objects reloaded before import = 0
Number of asset objects unloaded after import = 2
========================================================================
Received Import Request.
  Time since last request: 27.682522 seconds.
  path: Assets/android-1080x1920-wallpaper_00238.jpg
  artifactKey: Guid(547da4cb169559e43b9e6cfe8f4390e1) Importer(815301076,1909f56bfc062723c751e8b465ee728b)
Start importing Assets/android-1080x1920-wallpaper_00238.jpg using Guid(547da4cb169559e43b9e6cfe8f4390e1) Importer(815301076,1909f56bfc062723c751e8b465ee728b)  -> (artifact id: '0e0d118a51d65f9198c518f220e459fa') in 0.097377 seconds
Number of updated asset objects reloaded before import = 0
Number of asset objects unloaded after import = 3
========================================================================
Received Import Request.
  Time since last request: 1174.260609 seconds.
  path: Assets/Capture01.JPG
  artifactKey: Guid(ab826e5c34e89c641a00466a80cdb807) Importer(815301076,1909f56bfc062723c751e8b465ee728b)
Start importing Assets/Capture01.JPG using Guid(ab826e5c34e89c641a00466a80cdb807) Importer(815301076,1909f56bfc062723c751e8b465ee728b)  -> (artifact id: 'c4ebfa78b91cf9a73d5cd43ed9203d1c') in 0.039494 seconds
Number of updated asset objects reloaded before import = 0
Number of asset objects unloaded after import = 2
========================================================================
Received Import Request.
  Time since last request: 9.480704 seconds.
  path: Assets/Capture01.JPG
  artifactKey: Guid(ab826e5c34e89c641a00466a80cdb807) Importer(815301076,1909f56bfc062723c751e8b465ee728b)
Start importing Assets/Capture01.JPG using Guid(ab826e5c34e89c641a00466a80cdb807) Importer(815301076,1909f56bfc062723c751e8b465ee728b)  -> (artifact id: '79136db9f482d96a36a63b61f0e075b9') in 0.016338 seconds
Number of updated asset objects reloaded before import = 0
Number of asset objects unloaded after import = 3
========================================================================
Received Import Request.
  Time since last request: 3102.276433 seconds.
  path: Assets/android-1080x1920-wallpaper_00238.jpg
  artifactKey: Guid(547da4cb169559e43b9e6cfe8f4390e1) Importer(815301076,1909f56bfc062723c751e8b465ee728b)
Start importing Assets/android-1080x1920-wallpaper_00238.jpg using Guid(547da4cb169559e43b9e6cfe8f4390e1) Importer(815301076,1909f56bfc062723c751e8b465ee728b)  -> (artifact id: '5c78e700bde231ab36621c52f0f98c5c') in 0.135635 seconds
Number of updated asset objects reloaded before import = 0
Number of asset objects unloaded after import = 3
========================================================================
Received Import Request.
  Time since last request: 9.508173 seconds.
  path: Assets/android-1080x1920-wallpaper_00238.jpg
  artifactKey: Guid(547da4cb169559e43b9e6cfe8f4390e1) Importer(815301076,1909f56bfc062723c751e8b465ee728b)
Start importing Assets/android-1080x1920-wallpaper_00238.jpg using Guid(547da4cb169559e43b9e6cfe8f4390e1) Importer(815301076,1909f56bfc062723c751e8b465ee728b)  -> (artifact id: '56a02a269dd5230304f18c4b5e4b7b7e') in 0.123119 seconds
Number of updated asset objects reloaded before import = 0
Number of asset objects unloaded after import = 3
========================================================================
Received Import Request.
  Time since last request: 430.206256 seconds.
  path: Assets/th (1).jpeg
  artifactKey: Guid(7e8bfb4c63a3a7643917a24e3b108b26) Importer(815301076,1909f56bfc062723c751e8b465ee728b)
Start importing Assets/th (1).jpeg using Guid(7e8bfb4c63a3a7643917a24e3b108b26) Importer(815301076,1909f56bfc062723c751e8b465ee728b)  -> (artifact id: '770d026b960f21cb64b34d1617986ca0') in 0.043542 seconds
Number of updated asset objects reloaded before import = 0
Number of asset objects unloaded after import = 2
========================================================================
Received Import Request.
  Time since last request: 9.956155 seconds.
  path: Assets/th (1).jpeg
  artifactKey: Guid(7e8bfb4c63a3a7643917a24e3b108b26) Importer(815301076,1909f56bfc062723c751e8b465ee728b)
Start importing Assets/th (1).jpeg using Guid(7e8bfb4c63a3a7643917a24e3b108b26) Importer(815301076,1909f56bfc062723c751e8b465ee728b)  -> (artifact id: '71b2e5e987686ed10f2743d178e0821d') in 0.049114 seconds
Number of updated asset objects reloaded before import = 0
Number of asset objects unloaded after import = 3
========================================================================
Received Import Request.
  Time since last request: 422.478175 seconds.
  path: Assets/20391775.jpg
  artifactKey: Guid(8dbb28a6a42509f4c9a33ffffecd15ec) Importer(815301076,1909f56bfc062723c751e8b465ee728b)
Start importing Assets/20391775.jpg using Guid(8dbb28a6a42509f4c9a33ffffecd15ec) Importer(815301076,1909f56bfc062723c751e8b465ee728b)  -> (artifact id: 'a9cf15d72b454cd4adf23457efa219d4') in 0.098294 seconds
Number of updated asset objects reloaded before import = 0
Number of asset objects unloaded after import = 2
========================================================================
Received Import Request.
  Time since last request: 9.859355 seconds.
  path: Assets/20391775.jpg
  artifactKey: Guid(8dbb28a6a42509f4c9a33ffffecd15ec) Importer(815301076,1909f56bfc062723c751e8b465ee728b)
Start importing Assets/20391775.jpg using Guid(8dbb28a6a42509f4c9a33ffffecd15ec) Importer(815301076,1909f56bfc062723c751e8b465ee728b)  -> (artifact id: '303d07c51f631d5d4adbed0b4b2c140d') in 0.066076 seconds
Number of updated asset objects reloaded before import = 0
Number of asset objects unloaded after import = 3
========================================================================
Received Import Request.
  Time since last request: 748.854948 seconds.
  path: Assets/Scenes/UCL AR map screen.unity
  artifactKey: Guid(8e84feece6394294e9a0aead09243a3e) Importer(815301076,1909f56bfc062723c751e8b465ee728b)
Start importing Assets/Scenes/UCL AR map screen.unity using Guid(8e84feece6394294e9a0aead09243a3e) Importer(815301076,1909f56bfc062723c751e8b465ee728b)  -> (artifact id: '36a8dcb9b9e3e16dd72b5aaa9cf36af3') in 0.002889 seconds
Number of updated asset objects reloaded before import = 0
Number of asset objects unloaded after import = 0
